Build started 10/17/2012 10:01:20 AM.
     1>Project "K:\KL\Packages\ConvexOptimization\SUPER_LU_SEQUENTIAL\SuperLU_4.0\SUPERLU_SEQUENTIAL\SUPERLU_SEQUENTIAL.vcxproj" on node 2 (rebuild target(s)).
     1>InitializeBuildStatus:
         Creating "Debug\SUPERLU_SEQUENTIAL.unsuccessfulbuild" because "AlwaysCreate" was specified.
       MessageBuildingWithCompiler:
         Building with Intel(R) C++ Compiler XE 12.1
       ClCompile:
         ***** ClCompile (Win32 - Intel C++)
         C:\Program Files (x86)\Intel\Composer XE 2011 SP1\bin\ia32\icl.exe /c /Qvc10 /Qlocation,link,"$(VCInstallDir)\bin" /IC:\KL\Packages\ConvexOptimization\SUPER_LU_SEQUENTIAL\SuperLU_4.0\SRC /ZI /nologo /W3 /Od /Qftz- /D WIN32 /D _DEBUG /D _LIB /D _UNICODE /D UNICODE /EHsc /RTC1 /MDd /GS /fp:precise /Zc:wchar_t /Zc:forScope /Fo"Debug\\" /Fd"Debug\vc100.pdb" /Gd /TC ..\SRC\ccolumn_bmod.c ..\SRC\ccolumn_dfs.c ..\SRC\ccopy_to_ucol.c ..\SRC\cdiagonal.c ..\SRC\cgscon.c ..\SRC\cgsequ.c ..\SRC\cgsisx.c ..\SRC\cgsitrf.c ..\SRC\cgsrfs.c ..\SRC\cgssv.c ..\SRC\cgssvx.c ..\SRC\cgstrf.c ..\SRC\cgstrs.c ..\SRC\clacon.c ..\SRC\clangs.c ..\SRC\claqgs.c ..\SRC\cldperm.c ..\SRC\cmemory.c ..\SRC\cmyblas2.c ..\SRC\colamd.c ..\SRC\cpanel_bmod.c ..\SRC\cpanel_dfs.c ..\SRC\cpivotgrowth.c ..\SRC\cpivotL.c ..\SRC\cpruneL.c ..\SRC\creadhb.c ..\SRC\creadrb.c ..\SRC\creadtriple.c ..\SRC\csnode_bmod.c ..\SRC\csnode_dfs.c ..\SRC\csp_blas2.c ..\SRC\csp_blas3.c ..\SRC\cutil.c ..\SRC\dcolumn_bmod.c ..\SRC\dcolumn_dfs.c ..\SRC\dcomplex.c ..\SRC\dcopy_to_ucol.c ..\SRC\ddiagonal.c ..\SRC\dGetDiagU.c ..\SRC\dgscon.c ..\SRC\dgsequ.c ..\SRC\dgsisx.c ..\SRC\dgsitrf.c ..\SRC\dgsrfs.c ..\SRC\dgssv.c ..\SRC\dgssvx.c ..\SRC\dgstrf.c ..\SRC\dgstrs.c ..\SRC\dgstrsL.c ..\SRC\dgstrsU.c ..\SRC\dlacon.c ..\SRC\dlamch.c ..\SRC\dlangs.c ..\SRC\dlaqgs.c ..\SRC\dldperm.c ..\SRC\dmemory.c ..\SRC\dmyblas2.c ..\SRC\dpanel_bmod.c ..\SRC\dpanel_dfs.c ..\SRC\dpivotgrowth.c ..\SRC\dpivotL.c ..\SRC\dpruneL.c ..\SRC\dreadhb.c ..\SRC\dreadrb.c ..\SRC\dreadtriple.c ..\SRC\dsnode_bmod.c ..\SRC\dsnode_dfs.c ..\SRC\dsp_blas2.c ..\SRC\dsp_blas3.c ..\SRC\dutil.c ..\SRC\dzsum1.c ..\SRC\get_perm_c.c ..\SRC\heap_relax_snode.c ..\SRC\icmax1.c ..\SRC\ilu_ccolumn_dfs.c ..\SRC\ilu_ccopy_to_ucol.c ..\SRC\ilu_cdrop_row.c ..\SRC\ilu_cpanel_dfs.c ..\SRC\ilu_cpivotL.c ..\SRC\ilu_csnode_dfs.c ..\SRC\ilu_dcolumn_dfs.c ..\SRC\ilu_dcopy_to_ucol.c ..\SRC\ilu_ddrop_row.c ..\SRC\ilu_dpanel_dfs.c ..\SRC\ilu_dpivotL.c ..\SRC\ilu_dsnode_dfs.c ..\SRC\ilu_heap_relax_snode.c ..\SRC\ilu_relax_snode.c ..\SRC\ilu_scolumn_dfs.c ..\SRC\ilu_scopy_to_ucol.c ..\SRC\ilu_sdrop_row.c ..\SRC\ilu_spanel_dfs.c ..\SRC\ilu_spivotL.c ..\SRC\ilu_ssnode_dfs.c ..\SRC\ilu_zcolumn_dfs.c ..\SRC\ilu_zcopy_to_ucol.c ..\SRC\ilu_zdrop_row.c ..\SRC\ilu_zpanel_dfs.c ..\SRC\ilu_zpivotL.c ..\SRC\ilu_zsnode_dfs.c ..\SRC\izmax1.c ..\SRC\lsame.c ..\SRC\mark_relax.c ..\SRC\memory.c ..\SRC\mmd.c ..\SRC\relax_snode.c ..\SRC\scolumn_bmod.c ..\SRC\scolumn_dfs.c ..\SRC\scomplex.c ..\SRC\scopy_to_ucol.c ..\SRC\scsum1.c ..\SRC\sdiagonal.c ..\SRC\sgscon.c ..\SRC\sgsequ.c ..\SRC\sgsisx.c ..\SRC\sgsitrf.c ..\SRC\sgsrfs.c ..\SRC\sgssv.c ..\SRC\sgssvx.c ..\SRC\sgstrf.c ..\SRC\sgstrs.c ..\SRC\slacon.c ..\SRC\slamch.c ..\SRC\slangs.c ..\SRC\slaqgs.c ..\SRC\sldperm.c ..\SRC\smemory.c ..\SRC\smyblas2.c ..\SRC\sp_coletree.c ..\SRC\sp_ienv.c ..\SRC\sp_preorder.c ..\SRC\spanel_bmod.c ..\SRC\spanel_dfs.c ..\SRC\spivotgrowth.c ..\SRC\spivotL.c ..\SRC\spruneL.c ..\SRC\sreadhb.c ..\SRC\sreadrb.c ..\SRC\sreadtriple.c ..\SRC\ssnode_bmod.c ..\SRC\ssnode_dfs.c ..\SRC\ssp_blas2.c ..\SRC\ssp_blas3.c ..\SRC\superlu_timer.c ..\SRC\sutil.c ..\SRC\util.c ..\SRC\xerbla.c ..\SRC\zcolumn_bmod.c ..\SRC\zcolumn_dfs.c ..\SRC\zcopy_to_ucol.c ..\SRC\zdiagonal.c ..\SRC\zgscon.c ..\SRC\zgsequ.c ..\SRC\zgsisx.c ..\SRC\zgsitrf.c ..\SRC\zgsrfs.c ..\SRC\zgssv.c ..\SRC\zgssvx.c ..\SRC\zgstrf.c ..\SRC\zgstrs.c ..\SRC\zlacon.c ..\SRC\zlangs.c ..\SRC\zlaqgs.c ..\SRC\zldperm.c ..\SRC\zmemory.c ..\SRC\zmyblas2.c ..\SRC\zpanel_bmod.c ..\SRC\zpanel_dfs.c ..\SRC\zpivotgrowth.c ..\SRC\zpivotL.c ..\SRC\zpruneL.c ..\SRC\zreadhb.c ..\SRC\zreadrb.c ..\SRC\zreadtriple.c ..\SRC\zsnode_bmod.c ..\SRC\zsnode_dfs.c ..\SRC\zsp_blas2.c ..\SRC\zsp_blas3.c ..\SRC\zutil.c
         ccolumn_bmod.c
     1>..\SRC\ccolumn_bmod.c(68): warning #177: variable "incx" was declared but never referenced
               int         incx = 1, incy = 1;
                           ^
         
     1>..\SRC\ccolumn_bmod.c(68): warning #177: variable "incy" was declared but never referenced
               int         incx = 1, incy = 1;
                                     ^
         
     1>..\SRC\ccolumn_bmod.c(69): warning #177: variable "alpha" was declared but never referenced
               complex      alpha, beta;
                            ^
         
     1>..\SRC\ccolumn_bmod.c(69): warning #177: variable "beta" was declared but never referenced
               complex      alpha, beta;
                                   ^
         
     1>..\SRC\ccolumn_bmod.c(97): warning #177: variable "one" was declared but never referenced
               complex      one = {1.0, 0.0};
                            ^
         
     1>..\SRC\ccolumn_bmod.c(98): warning #177: variable "none" was declared but never referenced
               complex      none = {-1.0, 0.0};
                            ^
         
         ccolumn_dfs.c
         ccopy_to_ucol.c
         cdiagonal.c
         cgscon.c
         cgsequ.c
         cgsisx.c
         cgsitrf.c
         cgsrfs.c
         cgssv.c
         cgssvx.c
         cgstrf.c
         cgstrs.c
     1>..\SRC\cgstrs.c(98): warning #177: variable "incx" was declared but never referenced
               int      incx = 1, incy = 1;
                        ^
         
     1>..\SRC\cgstrs.c(98): warning #177: variable "incy" was declared but never referenced
               int      incx = 1, incy = 1;
                                  ^
         
         clacon.c
     1>..\SRC\clacon.c(157): warning #266: function "ccopy_" declared implicitly
               ccopy_(n, x, &c__1, v, &c__1);
               ^
         
     1>..\SRC\clacon.c(163): warning #177: label "L90" was declared but never referenced
           L90:
           ^
         
         clangs.c
         claqgs.c
         cldperm.c
         cmemory.c
         cmyblas2.c
         colamd.c
         cpanel_bmod.c
     1>..\SRC\cpanel_bmod.c(103): warning #177: variable "one" was declared but never referenced
               complex      one = {1.0, 0.0};
                            ^
         
         cpanel_dfs.c
         cpivotgrowth.c
     1>..\SRC\cpivotgrowth.c(64): warning #177: variable "temp_comp" was declared but never referenced
               complex   temp_comp;
                         ^
         
         cpivotL.c
         cpruneL.c
         creadhb.c
     1>..\SRC\creadhb.c(191): warning #177: variable "key" was declared but never referenced
               char buf[100], type[4], key[10];
                                       ^
         
         creadrb.c
         creadtriple.c
         csnode_bmod.c
     1>..\SRC\csnode_bmod.c(104): warning #266: function "clsolve" declared implicitly
           	clsolve ( nsupr, nsupc, &lusup[luptr], &lusup[ufirst] );
           	^
         
     1>..\SRC\csnode_bmod.c(105): warning #266: function "cmatvec" declared implicitly
           	cmatvec ( nsupr, nrow, nsupc, &lusup[luptr+nsupc], 
           	^
         
         csnode_dfs.c
         csp_blas2.c
     1>..\SRC\csp_blas2.c(264): warning #266: function "ctrsv_" declared implicitly
           		    ctrsv_("L", "T", "U", &nsupc, &Lval[luptr], &nsupr,
           		    ^
         
     1>..\SRC\csp_blas2.c(301): warning #266: function "ctrsv_" declared implicitly
           		    ctrsv_("U", "T", "N", &nsupc, &Lval[luptr], &nsupr,
           		    ^
         
     1>..\SRC\csp_blas2.c(343): warning #266: function "ctrsv_" declared implicitly
                               ctrsv_("L", trans, "U", &nsupc, &Lval[luptr], &nsupr,
                               ^
         
     1>..\SRC\csp_blas2.c(382): warning #266: function "ctrsv_" declared implicitly
                               ctrsv_("U", trans, "N", &nsupc, &Lval[luptr], &nsupr,
                               ^
         
     1>..\SRC\csp_blas2.c(92): warning #177: variable "incy" was declared but never referenced
               int incx = 1, incy = 1;
                             ^
         
     1>..\SRC\csp_blas2.c(94): warning #177: variable "alpha" was declared but never referenced
               complex alpha = {1.0, 0.0}, beta = {1.0, 0.0};
                       ^
         
     1>..\SRC\csp_blas2.c(94): warning #177: variable "beta" was declared but never referenced
               complex alpha = {1.0, 0.0}, beta = {1.0, 0.0};
                                           ^
         
         csp_blas3.c
         cutil.c
         dcolumn_bmod.c
     1>..\SRC\dcolumn_bmod.c(68): warning #177: variable "incx" was declared but never referenced
               int         incx = 1, incy = 1;
                           ^
         
     1>..\SRC\dcolumn_bmod.c(68): warning #177: variable "incy" was declared but never referenced
               int         incx = 1, incy = 1;
                                     ^
         
     1>..\SRC\dcolumn_bmod.c(69): warning #177: variable "alpha" was declared but never referenced
               double      alpha, beta;
                           ^
         
     1>..\SRC\dcolumn_bmod.c(69): warning #177: variable "beta" was declared but never referenced
               double      alpha, beta;
                                  ^
         
     1>..\SRC\dcolumn_bmod.c(97): warning #177: variable "one" was declared but never referenced
               double      one = 1.0;
                           ^
         
     1>..\SRC\dcolumn_bmod.c(98): warning #177: variable "none" was declared but never referenced
               double      none = -1.0;
                           ^
         
         dcolumn_dfs.c
         dcomplex.c
         dcopy_to_ucol.c
         ddiagonal.c
         dGetDiagU.c
     1>..\SRC\dGetDiagU.c(32): error : cannot open source file "slu_ddefs.h"
           #include <slu_ddefs.h>
                                 ^
         
     1>Done Building Project "K:\KL\Packages\ConvexOptimization\SUPER_LU_SEQUENTIAL\SuperLU_4.0\SUPERLU_SEQUENTIAL\SUPERLU_SEQUENTIAL.vcxproj" (rebuild target(s)) -- FAILED.

Build FAILED.

Time Elapsed 00:00:02.71
